<?xml version="1.0" encoding="UTF-8" standalone="no"?>
<testsuite errors="0" failures="1" name="io.cucumber.core.plugin.JUnitFormatter" skipped="0" tests="1" time="153.808">
    <testcase classname="OnBoarding New Merchant Choose POS Option" name="&quot;Merchant onBoard Chop-Chop Device&quot;" time="153.422">
        <failure message="no such element: Unable to locate element: {&quot;method&quot;:&quot;xpath&quot;,&quot;selector&quot;:&quot;//h4[contains(text(), 'Upload')]&quot;}&#10;  (Session info: chrome=122.0.6261.95)&#10;For documentation on this error, please visit: https://www.seleniumhq.org/exceptions/no_such_element.html&#10;Build info: version: '3.141.59', revision: 'e82be7d358', time: '2018-11-14T08:17:03'&#10;System info: host: 'E0810877', ip: '10.103.217.251', os.name: 'Windows 11', os.arch: 'amd64', os.version: '10.0', java.version: '17.0.6'&#10;Driver info: org.openqa.selenium.chrome.ChromeDriver&#10;Capabilities {acceptInsecureCerts: false, browserName: chrome, browserVersion: 122.0.6261.95, chrome: {chromedriverVersion: 122.0.6261.94 (880dbf29479c..., userDataDir: C:\Users\Phaleitu\AppData\L...}, fedcm:accounts: true, goog:chromeOptions: {debuggerAddress: localhost:53689}, javascriptEnabled: true, networkConnectionEnabled: false, pageLoadStrategy: normal, platform: WINDOWS, platformName: WINDOWS, proxy: Proxy(), setWindowRect: true, strictFileInteractability: false, timeouts: {implicit: 0, pageLoad: 300000, script: 30000}, unhandledPromptBehavior: dismiss and notify, webauthn:extension:credBlob: true, webauthn:extension:largeBlob: true, webauthn:extension:minPinLength: true, webauthn:extension:prf: true, webauthn:virtualAuthenticators: true}&#10;Session ID: 3de91b91280349f078fde616f4f934fd&#10;*** Element info: {Using=xpath, value=//h4[contains(text(), 'Upload')]}" type="org.openqa.selenium.NoSuchElementException"><![CDATA[Given The webBrowser is launched............................................passed
Given I am on the merchant landing page "Merchant onBoard Chop-Chop Device""SMME Merchant Login""smmeURL""Itumeleng Phale""".passed
And I Choose Avalaible POS Option "Chop-Chop"...............................passed
And Submit Merchant details "Business owner/director" "Ecomm Automator" "VFS Ecomm" "itumeleng.phale@vodacom.co.za" "0829973883" "South African" "9509040030083" "4586 Isacholo Crescent" "0157" "Amberville" "Centurion" "Gauteng".passed
And I Then Complete Device Order............................................passed
And I Provide Company and Personal Details "Sole Proprietorship" "No" "150000" "IBP Testing VFS" "Yes" "123456789012" "Agricultural Cooperatives" "Ditekong Software Testing".passed
And I Provide the Partners Details "Sole Proprietorship""6508267473086".....passed
And I Provide the Banking Details "Sole Proprietorship" "WI Tester" "1234567890".passed
And I take a selfie.........................................................passed
And I  upload documents "Sole Proprietorship""green card"...................failed

StackTrace:
org.openqa.selenium.NoSuchElementException: no such element: Unable to locate element: {"method":"xpath","selector":"//h4[contains(text(), 'Upload')]"}
  (Session info: chrome=122.0.6261.95)
For documentation on this error, please visit: https://www.seleniumhq.org/exceptions/no_such_element.html
Build info: version: '3.141.59', revision: 'e82be7d358', time: '2018-11-14T08:17:03'
System info: host: 'E0810877', ip: '10.103.217.251', os.name: 'Windows 11', os.arch: 'amd64', os.version: '10.0', java.version: '17.0.6'
Driver info: org.openqa.selenium.chrome.ChromeDriver
Capabilities {acceptInsecureCerts: false, browserName: chrome, browserVersion: 122.0.6261.95, chrome: {chromedriverVersion: 122.0.6261.94 (880dbf29479c..., userDataDir: C:\Users\Phaleitu\AppData\L...}, fedcm:accounts: true, goog:chromeOptions: {debuggerAddress: localhost:53689}, javascriptEnabled: true, networkConnectionEnabled: false, pageLoadStrategy: normal, platform: WINDOWS, platformName: WINDOWS, proxy: Proxy(), setWindowRect: true, strictFileInteractability: false, timeouts: {implicit: 0, pageLoad: 300000, script: 30000}, unhandledPromptBehavior: dismiss and notify, webauthn:extension:credBlob: true, webauthn:extension:largeBlob: true, webauthn:extension:minPinLength: true, webauthn:extension:prf: true, webauthn:virtualAuthenticators: true}
Session ID: 3de91b91280349f078fde616f4f934fd
*** Element info: {Using=xpath, value=//h4[contains(text(), 'Upload')]}
	at java.base/jdk.internal.reflect.NativeConstructorAccessorImpl.newInstance0(Native Method)
	at java.base/jdk.internal.reflect.NativeConstructorAccessorImpl.newInstance(NativeConstructorAccessorImpl.java:77)
	at java.base/jdk.internal.reflect.DelegatingConstructorAccessorImpl.newInstance(DelegatingConstructorAccessorImpl.java:45)
	at java.base/java.lang.reflect.Constructor.newInstanceWithCaller(Constructor.java:499)
	at java.base/java.lang.reflect.Constructor.newInstance(Constructor.java:480)
	at org.openqa.selenium.remote.http.W3CHttpResponseCodec.createException(W3CHttpResponseCodec.java:187)
	at org.openqa.selenium.remote.http.W3CHttpResponseCodec.decode(W3CHttpResponseCodec.java:122)
	at org.openqa.selenium.remote.http.W3CHttpResponseCodec.decode(W3CHttpResponseCodec.java:49)
	at org.openqa.selenium.remote.HttpCommandExecutor.execute(HttpCommandExecutor.java:158)
	at org.openqa.selenium.remote.service.DriverCommandExecutor.execute(DriverCommandExecutor.java:83)
	at org.openqa.selenium.remote.RemoteWebDriver.execute(RemoteWebDriver.java:552)
	at org.openqa.selenium.remote.RemoteWebDriver.findElement(RemoteWebDriver.java:323)
	at org.openqa.selenium.remote.RemoteWebDriver.findElementByXPath(RemoteWebDriver.java:428)
	at org.openqa.selenium.By$ByXPath.findElement(By.java:353)
	at org.openqa.selenium.remote.RemoteWebDriver.findElement(RemoteWebDriver.java:315)
	at org.openqa.selenium.support.pagefactory.DefaultElementLocator.findElement(DefaultElementLocator.java:69)
	at org.openqa.selenium.support.pagefactory.internal.LocatingElementHandler.invoke(LocatingElementHandler.java:38)
	at jdk.proxy2/jdk.proxy2.$Proxy20.click(Unknown Source)
	at vfs.automation.core.utilities.WebDriverUtilities.clickElement(WebDriverUtilities.java:133)
	at za.co.vodacom.web.webFeatures.MerchantTransactions.uploadDoc(MerchantTransactions.java:373)
	at za.co.vodacom.stepDefinitions.MerchantStepDefinitions.iUploadDocuments(MerchantStepDefinitions.java:324)
	at ✽.I  upload documents "Sole Proprietorship""green card"(file:///C:/Users/Phaleitu/IdeaProjects/SMME%20Merchant%20Portal/src/test/resources/features/web/merchantOnBoardingFullJourney.feature:17)
]]></failure>
    </testcase>
</testsuite>
