<?xml version="1.0" encoding="UTF-8" standalone="no"?>
<testsuite errors="0" failures="1" name="io.cucumber.core.plugin.JUnitFormatter" skipped="0" tests="1" time="175.475">
    <testcase classname="Device Activation" name="&quot;Kwika Activation&quot;" time="175.343">
        <failure message="no such element: Unable to locate element: {&quot;method&quot;:&quot;xpath&quot;,&quot;selector&quot;:&quot;//button[contains(text(),'Confirm')]&quot;}&#10;  (Session info: chrome=128.0.6613.86)&#10;For documentation on this error, please visit: https://www.seleniumhq.org/exceptions/no_such_element.html&#10;Build info: version: '3.141.59', revision: 'e82be7d358', time: '2018-11-14T08:17:03'&#10;System info: host: 'ILAB-TNT', ip: '10.103.178.97', os.name: 'Windows 11', os.arch: 'amd64', os.version: '10.0', java.version: '22.0.1'&#10;Driver info: org.openqa.selenium.chrome.ChromeDriver&#10;Capabilities {acceptInsecureCerts: false, browserName: chrome, browserVersion: 128.0.6613.86, chrome: {chromedriverVersion: 128.0.6613.84 (606aa55c7d68..., userDataDir: C:\Users\ntyit001\AppData\L...}, fedcm:accounts: true, goog:chromeOptions: {debuggerAddress: localhost:54044}, javascriptEnabled: true, networkConnectionEnabled: false, pageLoadStrategy: normal, platform: WINDOWS, platformName: WINDOWS, proxy: Proxy(), setWindowRect: true, strictFileInteractability: false, timeouts: {implicit: 0, pageLoad: 300000, script: 30000}, unhandledPromptBehavior: dismiss and notify, webauthn:extension:credBlob: true, webauthn:extension:largeBlob: true, webauthn:extension:minPinLength: true, webauthn:extension:prf: true, webauthn:virtualAuthenticators: true}&#10;Session ID: 3247075fe817e2140ef03509afdfb12f&#10;*** Element info: {Using=xpath, value=//button[contains(text(),'Confirm')]}" type="org.openqa.selenium.NoSuchElementException"><![CDATA[Given The webBrowser is launched............................................passed
Given I am on the merchant landing page "Kwika Activation""Makro dealer journey""deviceActivationUrl""Tebello Ntyingila""".passed
And Submit Merchant details "Business owner/director" "NONDIPHA" "LOUW" "satisfied-by@dggrvtf2.mailosaur.net" "0833721854" "South African" "6807015897087" "4586 Isacholo Crescent" "4586 Isacholo Crescent" "0187" "Blue Golf Estate" "Centurion" "Gauteng" "Device Activation".passed
And Submit Barcode Information "K3R0W007700"................................passed
And Device Assign Name "NONDIPHA"...........................................passed
And Start Setup Customer Account Landing Page...............................passed
And FICA PROCESS Pages Tell Us About The Customers Business "Sole Proprietorship" "VFS Payment Testing" "15000" "Computer Software Shop" "2024-03-03".passed
And FICA PROCESS Pages Confirm the customers personal details "Business owner/director" "NONDIPHA" "LOUW".passed
And FICA PROCESS Pages Confirm the customers banking details "Nedbank Debit" "6807015897087" "1288655444" "NONDIPHA" "LOUW".passed
And I take a selfie.........................................................failed
And I  upload documents "Sole Proprietorship""green card"...................skipped

StackTrace:
org.openqa.selenium.NoSuchElementException: no such element: Unable to locate element: {"method":"xpath","selector":"//button[contains(text(),'Confirm')]"}
  (Session info: chrome=128.0.6613.86)
For documentation on this error, please visit: https://www.seleniumhq.org/exceptions/no_such_element.html
Build info: version: '3.141.59', revision: 'e82be7d358', time: '2018-11-14T08:17:03'
System info: host: 'ILAB-TNT', ip: '10.103.178.97', os.name: 'Windows 11', os.arch: 'amd64', os.version: '10.0', java.version: '22.0.1'
Driver info: org.openqa.selenium.chrome.ChromeDriver
Capabilities {acceptInsecureCerts: false, browserName: chrome, browserVersion: 128.0.6613.86, chrome: {chromedriverVersion: 128.0.6613.84 (606aa55c7d68..., userDataDir: C:\Users\ntyit001\AppData\L...}, fedcm:accounts: true, goog:chromeOptions: {debuggerAddress: localhost:54044}, javascriptEnabled: true, networkConnectionEnabled: false, pageLoadStrategy: normal, platform: WINDOWS, platformName: WINDOWS, proxy: Proxy(), setWindowRect: true, strictFileInteractability: false, timeouts: {implicit: 0, pageLoad: 300000, script: 30000}, unhandledPromptBehavior: dismiss and notify, webauthn:extension:credBlob: true, webauthn:extension:largeBlob: true, webauthn:extension:minPinLength: true, webauthn:extension:prf: true, webauthn:virtualAuthenticators: true}
Session ID: 3247075fe817e2140ef03509afdfb12f
*** Element info: {Using=xpath, value=//button[contains(text(),'Confirm')]}
	at java.base/jdk.internal.reflect.DirectConstructorHandleAccessor.newInstance(DirectConstructorHandleAccessor.java:62)
	at java.base/java.lang.reflect.Constructor.newInstanceWithCaller(Constructor.java:502)
	at java.base/java.lang.reflect.Constructor.newInstance(Constructor.java:486)
	at org.openqa.selenium.remote.http.W3CHttpResponseCodec.createException(W3CHttpResponseCodec.java:187)
	at org.openqa.selenium.remote.http.W3CHttpResponseCodec.decode(W3CHttpResponseCodec.java:122)
	at org.openqa.selenium.remote.http.W3CHttpResponseCodec.decode(W3CHttpResponseCodec.java:49)
	at org.openqa.selenium.remote.HttpCommandExecutor.execute(HttpCommandExecutor.java:158)
	at org.openqa.selenium.remote.service.DriverCommandExecutor.execute(DriverCommandExecutor.java:83)
	at org.openqa.selenium.remote.RemoteWebDriver.execute(RemoteWebDriver.java:552)
	at org.openqa.selenium.remote.RemoteWebDriver.findElement(RemoteWebDriver.java:323)
	at org.openqa.selenium.remote.RemoteWebDriver.findElementByXPath(RemoteWebDriver.java:428)
	at org.openqa.selenium.By$ByXPath.findElement(By.java:353)
	at org.openqa.selenium.remote.RemoteWebDriver.findElement(RemoteWebDriver.java:315)
	at org.openqa.selenium.support.pagefactory.DefaultElementLocator.findElement(DefaultElementLocator.java:69)
	at org.openqa.selenium.support.pagefactory.internal.LocatingElementHandler.invoke(LocatingElementHandler.java:38)
	at jdk.proxy2/jdk.proxy2.$Proxy20.click(Unknown Source)
	at vfs.automation.core.utilities.WebDriverUtilities.clickElement(WebDriverUtilities.java:130)
	at za.co.vodacom.web.webFeatures.MerchantTransactions.takeASelfie(MerchantTransactions.java:1372)
	at za.co.vodacom.stepDefinitions.MerchantStepDefinitions.takeSelfie(MerchantStepDefinitions.java:509)
	at ✽.I take a selfie(file:///C:/Users/ntyit001/IdeaProjects/SMMEMerchantPortal/src/test/resources/features/web/deviceActivationRevamped.feature:17)
]]></failure>
    </testcase>
</testsuite>
