<?xml version="1.0" encoding="UTF-8" standalone="no"?>
<testsuite errors="0" failures="1" name="io.cucumber.core.plugin.JUnitFormatter" skipped="0" tests="1" time="102.418">
    <testcase classname="OnBoarding New Merchant Choose POS Option" name="&quot;Merchant onBoard Chop-Chop Device&quot;" time="102.2">
        <failure message="element click intercepted: Element &lt;img class=&quot;w-8 h-8&quot; src=&quot;./static/media/cloud-upload-dark.ef1513996da30728f2189147dbe1f3a0.svg&quot; alt=&quot;upload&quot;&gt; is not clickable at point (465, 138). Other element would receive the click: &lt;div class=&quot;FullPageLoader&quot;&gt;...&lt;/div&gt;&#10;  (Session info: chrome=121.0.6167.185)&#10;Build info: version: '3.141.59', revision: 'e82be7d358', time: '2018-11-14T08:17:03'&#10;System info: host: 'ILAB-LM', ip: '10.103.153.223', os.name: 'Windows 11', os.arch: 'amd64', os.version: '10.0', java.version: '19.0.2'&#10;Driver info: org.openqa.selenium.chrome.ChromeDriver&#10;Capabilities {acceptInsecureCerts: false, browserName: chrome, browserVersion: 121.0.6167.185, chrome: {chromedriverVersion: 120.0.6099.109 (3419140ab66..., userDataDir: C:\Users\mutsl001\AppData\L...}, fedcm:accounts: true, goog:chromeOptions: {debuggerAddress: localhost:55751}, javascriptEnabled: true, networkConnectionEnabled: false, pageLoadStrategy: normal, platform: WINDOWS, platformName: WINDOWS, proxy: Proxy(), setWindowRect: true, strictFileInteractability: false, timeouts: {implicit: 0, pageLoad: 300000, script: 30000}, unhandledPromptBehavior: dismiss and notify, webauthn:extension:credBlob: true, webauthn:extension:largeBlob: true, webauthn:extension:minPinLength: true, webauthn:extension:prf: true, webauthn:virtualAuthenticators: true}&#10;Session ID: 4a74f1cc2ff9542f98a81477d14f524b" type="org.openqa.selenium.ElementClickInterceptedException"><![CDATA[Given The webBrowser is launched............................................passed
Given I am on the merchant landing page "Merchant onBoard Chop-Chop Device""SMME Merchant Login""smmeURL""Livhuwani Mutshafa""".passed
And I Choose Avalaible POS Option "Chop-Chop"...............................passed
And Submit Merchant details "Business owner/director" "Ecomm Automator" "VFS Ecomm" "livhuwani.mutshafa@vcontractor.co.za" "0829973883" "South African" "9509040030083" "4586 Isacholo Crescent" "0157" "Amberville" "Centurion" "Gauteng".passed
And I Then Complete Device Order............................................passed
And I Provide Company and Personal Details "Sole Proprietorship" "No" "150000" "IBP Testing VFS" "Yes" "123456789012" "Agricultural Cooperatives" "Ditekong Software Testing".passed
And I Provide the Partners Details "Sole Proprietorship""6508267473086".....passed
And I Provide the Banking Details "Sole Proprietorship" "TM Ngwane" "1234567890".passed
And I take a selfie.........................................................passed
And I  upload documents "Sole Proprietorship""green card"...................failed

StackTrace:
org.openqa.selenium.ElementClickInterceptedException: element click intercepted: Element <img class="w-8 h-8" src="./static/media/cloud-upload-dark.ef1513996da30728f2189147dbe1f3a0.svg" alt="upload"> is not clickable at point (465, 138). Other element would receive the click: <div class="FullPageLoader">...</div>
  (Session info: chrome=121.0.6167.185)
Build info: version: '3.141.59', revision: 'e82be7d358', time: '2018-11-14T08:17:03'
System info: host: 'ILAB-LM', ip: '10.103.153.223', os.name: 'Windows 11', os.arch: 'amd64', os.version: '10.0', java.version: '19.0.2'
Driver info: org.openqa.selenium.chrome.ChromeDriver
Capabilities {acceptInsecureCerts: false, browserName: chrome, browserVersion: 121.0.6167.185, chrome: {chromedriverVersion: 120.0.6099.109 (3419140ab66..., userDataDir: C:\Users\mutsl001\AppData\L...}, fedcm:accounts: true, goog:chromeOptions: {debuggerAddress: localhost:55751}, javascriptEnabled: true, networkConnectionEnabled: false, pageLoadStrategy: normal, platform: WINDOWS, platformName: WINDOWS, proxy: Proxy(), setWindowRect: true, strictFileInteractability: false, timeouts: {implicit: 0, pageLoad: 300000, script: 30000}, unhandledPromptBehavior: dismiss and notify, webauthn:extension:credBlob: true, webauthn:extension:largeBlob: true, webauthn:extension:minPinLength: true, webauthn:extension:prf: true, webauthn:virtualAuthenticators: true}
Session ID: 4a74f1cc2ff9542f98a81477d14f524b
	at java.base/jdk.internal.reflect.DirectConstructorHandleAccessor.newInstance(DirectConstructorHandleAccessor.java:67)
	at java.base/java.lang.reflect.Constructor.newInstanceWithCaller(Constructor.java:500)
	at java.base/java.lang.reflect.Constructor.newInstance(Constructor.java:484)
	at org.openqa.selenium.remote.http.W3CHttpResponseCodec.createException(W3CHttpResponseCodec.java:187)
	at org.openqa.selenium.remote.http.W3CHttpResponseCodec.decode(W3CHttpResponseCodec.java:122)
	at org.openqa.selenium.remote.http.W3CHttpResponseCodec.decode(W3CHttpResponseCodec.java:49)
	at org.openqa.selenium.remote.HttpCommandExecutor.execute(HttpCommandExecutor.java:158)
	at org.openqa.selenium.remote.service.DriverCommandExecutor.execute(DriverCommandExecutor.java:83)
	at org.openqa.selenium.remote.RemoteWebDriver.execute(RemoteWebDriver.java:552)
	at org.openqa.selenium.remote.RemoteWebElement.execute(RemoteWebElement.java:285)
	at org.openqa.selenium.remote.RemoteWebElement.click(RemoteWebElement.java:84)
	at java.base/jdk.internal.reflect.DirectMethodHandleAccessor.invoke(DirectMethodHandleAccessor.java:104)
	at java.base/java.lang.reflect.Method.invoke(Method.java:578)
	at org.openqa.selenium.support.pagefactory.internal.LocatingElementHandler.invoke(LocatingElementHandler.java:51)
	at jdk.proxy2/jdk.proxy2.$Proxy20.click(Unknown Source)
	at vfs.automation.core.utilities.WebDriverUtilities.clickElement(WebDriverUtilities.java:123)
	at za.co.vodacom.web.webFeatures.MerchantTransactions.uploadDoc(MerchantTransactions.java:360)
	at za.co.vodacom.stepDefinitions.MerchantStepDefinitions.iUploadDocuments(MerchantStepDefinitions.java:324)
	at ✽.I  upload documents "Sole Proprietorship""green card"(file:///C:/Users/mutsl001/IdeaProjects/SMMEMerchantPortal/src/test/resources/features/web/merchantOnBoardingFullJourney.feature:17)
]]></failure>
    </testcase>
</testsuite>
