<?xml version="1.0" encoding="UTF-8" standalone="no"?>
<testsuite errors="0" failures="1" name="io.cucumber.core.plugin.JUnitFormatter" skipped="0" tests="1" time="250.176">
    <testcase classname="third Party Login" name="&quot;Markro selects Max&quot;" time="250.028">
        <failure message="no such element: Unable to locate element: {&quot;method&quot;:&quot;xpath&quot;,&quot;selector&quot;:&quot;//button[@automationid='Revamp_Personal_Selfie_Open_Camera']&quot;}&#10;  (Session info: chrome=127.0.6533.120)&#10;For documentation on this error, please visit: https://www.seleniumhq.org/exceptions/no_such_element.html&#10;Build info: version: '3.141.59', revision: 'e82be7d358', time: '2018-11-14T08:17:03'&#10;System info: host: 'ILAB-TNT', ip: '192.168.8.104', os.name: 'Windows 11', os.arch: 'amd64', os.version: '10.0', java.version: '22.0.1'&#10;Driver info: org.openqa.selenium.chrome.ChromeDriver&#10;Capabilities {acceptInsecureCerts: false, browserName: chrome, browserVersion: 127.0.6533.120, chrome: {chromedriverVersion: 126.0.6478.63 (df799988fdc9..., userDataDir: C:\Users\ntyit001\AppData\L...}, fedcm:accounts: true, goog:chromeOptions: {debuggerAddress: localhost:49699}, javascriptEnabled: true, networkConnectionEnabled: false, pageLoadStrategy: normal, platform: WINDOWS, platformName: WINDOWS, proxy: Proxy(), setWindowRect: true, strictFileInteractability: false, timeouts: {implicit: 0, pageLoad: 300000, script: 30000}, unhandledPromptBehavior: dismiss and notify, webauthn:extension:credBlob: true, webauthn:extension:largeBlob: true, webauthn:extension:minPinLength: true, webauthn:extension:prf: true, webauthn:virtualAuthenticators: true}&#10;Session ID: 6923ab0858064e7350a1be5fd796ab18&#10;*** Element info: {Using=xpath, value=//button[@automationid='Revamp_Personal_Selfie_Open_Camera']}" type="org.openqa.selenium.NoSuchElementException"><![CDATA[Given The webBrowser is launched............................................passed
And I am on the dealer landing page "Markro selects Max""Makro dealer journey""3poURL""Tebello Ntyingila""".passed
And When I select Dealer "Makro""Shubham""Traderoot123!"....................passed
And I Choose Available POS Option "VodaPay Max".............................passed
And Submit Merchant details "Business owner/director" "SEEQELA" "SEEQELA" "nervous-strange@2mk3aglp.mailosaur.net" "0833721854" "South African" "6807015897087" "4586 Isacholo Crescent" "4586 Isacholo Crescent" "0187" "Blue Golf Estate" "Centurion" "Gauteng".passed
And I Then Assign Device and Process Order "emailReceipt" "cardPayment".....passed
And I verify Payment Request Link and complete payment "cardPayment"........passed
And I select immediate payment method "NONDIPHA LOUW""5181030000959467""2029""February""813""cardPayment".passed
And I Populate ThreeD Secure "test123""Physical""Nedbank Debit".............passed
And I close ThreeD tab "cardPayment""Nedbank Debit".........................passed
And I Check Payment Status "cardPayment""Nedbank Debit".....................passed
And Start Setup Customer Account Landing Page...............................passed
And FICA PROCESS Pages Tell Us About The Customers Business "Sole Proprietorship" "VFS Payment Testing" "15000" "Computer Software Shop" "2024-03-03".passed
And FICA PROCESS Pages Confirm the customers personal details "Business owner/director" "SEEQELA" "SEEQELA".passed
And FICA PROCESS Pages Confirm the customers banking details "Nedbank Debit" "6807015897087" "1288655444" "SEEQELA" "SEEQELA".passed
And I take a selfie.........................................................failed
And I  upload documents "Sole Proprietorship""green card"...................skipped

StackTrace:
org.openqa.selenium.NoSuchElementException: no such element: Unable to locate element: {"method":"xpath","selector":"//button[@automationid='Revamp_Personal_Selfie_Open_Camera']"}
  (Session info: chrome=127.0.6533.120)
For documentation on this error, please visit: https://www.seleniumhq.org/exceptions/no_such_element.html
Build info: version: '3.141.59', revision: 'e82be7d358', time: '2018-11-14T08:17:03'
System info: host: 'ILAB-TNT', ip: '192.168.8.104', os.name: 'Windows 11', os.arch: 'amd64', os.version: '10.0', java.version: '22.0.1'
Driver info: org.openqa.selenium.chrome.ChromeDriver
Capabilities {acceptInsecureCerts: false, browserName: chrome, browserVersion: 127.0.6533.120, chrome: {chromedriverVersion: 126.0.6478.63 (df799988fdc9..., userDataDir: C:\Users\ntyit001\AppData\L...}, fedcm:accounts: true, goog:chromeOptions: {debuggerAddress: localhost:49699}, javascriptEnabled: true, networkConnectionEnabled: false, pageLoadStrategy: normal, platform: WINDOWS, platformName: WINDOWS, proxy: Proxy(), setWindowRect: true, strictFileInteractability: false, timeouts: {implicit: 0, pageLoad: 300000, script: 30000}, unhandledPromptBehavior: dismiss and notify, webauthn:extension:credBlob: true, webauthn:extension:largeBlob: true, webauthn:extension:minPinLength: true, webauthn:extension:prf: true, webauthn:virtualAuthenticators: true}
Session ID: 6923ab0858064e7350a1be5fd796ab18
*** Element info: {Using=xpath, value=//button[@automationid='Revamp_Personal_Selfie_Open_Camera']}
	at java.base/jdk.internal.reflect.DirectConstructorHandleAccessor.newInstance(DirectConstructorHandleAccessor.java:62)
	at java.base/java.lang.reflect.Constructor.newInstanceWithCaller(Constructor.java:502)
	at java.base/java.lang.reflect.Constructor.newInstance(Constructor.java:486)
	at org.openqa.selenium.remote.http.W3CHttpResponseCodec.createException(W3CHttpResponseCodec.java:187)
	at org.openqa.selenium.remote.http.W3CHttpResponseCodec.decode(W3CHttpResponseCodec.java:122)
	at org.openqa.selenium.remote.http.W3CHttpResponseCodec.decode(W3CHttpResponseCodec.java:49)
	at org.openqa.selenium.remote.HttpCommandExecutor.execute(HttpCommandExecutor.java:158)
	at org.openqa.selenium.remote.service.DriverCommandExecutor.execute(DriverCommandExecutor.java:83)
	at org.openqa.selenium.remote.RemoteWebDriver.execute(RemoteWebDriver.java:552)
	at org.openqa.selenium.remote.RemoteWebDriver.findElement(RemoteWebDriver.java:323)
	at org.openqa.selenium.remote.RemoteWebDriver.findElementByXPath(RemoteWebDriver.java:428)
	at org.openqa.selenium.By$ByXPath.findElement(By.java:353)
	at org.openqa.selenium.remote.RemoteWebDriver.findElement(RemoteWebDriver.java:315)
	at org.openqa.selenium.support.pagefactory.DefaultElementLocator.findElement(DefaultElementLocator.java:69)
	at org.openqa.selenium.support.pagefactory.internal.LocatingElementHandler.invoke(LocatingElementHandler.java:38)
	at jdk.proxy2/jdk.proxy2.$Proxy20.click(Unknown Source)
	at vfs.automation.core.utilities.WebDriverUtilities.clickElement(WebDriverUtilities.java:130)
	at za.co.vodacom.web.webFeatures.MerchantTransactions.takeASelfie(MerchantTransactions.java:1301)
	at za.co.vodacom.stepDefinitions.MerchantStepDefinitions.takeSelfie(MerchantStepDefinitions.java:491)
	at ✽.I take a selfie(file:///C:/Users/ntyit001/IdeaProjects/SMMEMerchantPortal/src/test/resources/features/web/thirdPartyOnboardPaymentRequest.feature:24)
]]></failure>
    </testcase>
</testsuite>
